<?xml version="1.0" encoding="UTF-8"?>
<!-- Generated by org.testng.reporters.JUnitReportReporter -->
<testsuite skipped="0" hostname="Samsul_Alam" name="com.employeeapi.testCases.TC003_Post_Employee_Record" tests="6" failures="0" timestamp="2021-07-04T17:51:36 IST" time="0.026" errors="0">
  <testcase name="checkStatusline" time="0.003" classname="com.employeeapi.testCases.TC003_Post_Employee_Record"/>
  <system-out/>
  <testcase name="checkStatusCode" time="0.003" classname="com.employeeapi.testCases.TC003_Post_Employee_Record"/>
  <system-out/>
  <testcase name="checkContentType" time="0.003" classname="com.employeeapi.testCases.TC003_Post_Employee_Record"/>
  <system-out/>
  <testcase name="checkContentEncoding" time="0.008" classname="com.employeeapi.testCases.TC003_Post_Employee_Record"/>
  <system-out/>
  <testcase name="checkServerType" time="0.003" classname="com.employeeapi.testCases.TC003_Post_Employee_Record"/>
  <system-out/>
  <testcase name="checkResponseBody" time="0.006" classname="com.employeeapi.testCases.TC003_Post_Employee_Record"/>
  <system-out/>
</testsuite> <!-- com.employeeapi.testCases.TC003_Post_Employee_Record -->
