<?xml version="1.0" encoding="UTF-8"?>
<!-- Generated by org.testng.reporters.JUnitReportReporter -->
<testsuite skipped="0" hostname="Samsul_Alam" name="com.employeeapi.testCases.TC003_Post_Employee_Record" tests="6" failures="0" timestamp="2021-07-04T17:24:58 IST" time="0.011" errors="0">
  <testcase name="checkResponseBody" time="0.002" classname="com.employeeapi.testCases.TC003_Post_Employee_Record"/>
  <system-out/>
  <testcase name="checkStatusCode" time="0.001" classname="com.employeeapi.testCases.TC003_Post_Employee_Record"/>
  <system-out/>
  <testcase name="checkContentType" time="0.000" classname="com.employeeapi.testCases.TC003_Post_Employee_Record"/>
  <system-out/>
  <testcase name="checkContentEncoding" time="0.007" classname="com.employeeapi.testCases.TC003_Post_Employee_Record"/>
  <system-out/>
  <testcase name="checkStatusline" time="0.000" classname="com.employeeapi.testCases.TC003_Post_Employee_Record"/>
  <system-out/>
  <testcase name="checkServerType" time="0.001" classname="com.employeeapi.testCases.TC003_Post_Employee_Record"/>
  <system-out/>
</testsuite> <!-- com.employeeapi.testCases.TC003_Post_Employee_Record -->
